-7.271837437295403106e-02
-3.879700667229712963e-02
-6.203566523217318718e-02
-6.439788357076281500e-02
-4.640528163932344796e-02
-8.520704220387642636e-03
-4.000058898702718579e-02
-5.538283336625227093e-02
-5.490652632124692900e-02
-3.877720146164165271e-02
-7.168650453252212174e-03
3.977529674722291020e-02
4.752295702616038398e-03
8.067419285188748290e-02
7.186464808003734106e-02
7.547721927593897817e-02
9.149365785049212718e-02
1.199096513952326859e-01
1.607338559380195875e-01
1.081015153808095874e-01
1.725674657452032079e-01
1.412712172631245267e-01
2.295260940596790533e-01
2.197274341456534330e-01
2.201830816705410143e-01
2.309452864627132840e-01
2.520703825409498222e-01
1.684852303503134863e-01
2.093507692112837049e-01
2.607605615640977703e-01
2.042537557913988167e-01
1.561805782515364172e-01
4.789420135728335026e-01
4.510993313241726810e-01
4.318605208013650554e-01
4.212767350823298784e-01
4.193990589976976935e-01
4.262782975633570004e-01
4.419647693227091168e-01
3.379541522879208060e-01
3.702872644770138777e-01
4.115677605108203352e-01
3.300644913553014703e-01
3.882457442660438574e-01
3.215991115482950136e-01
2.619305339739526062e-01
3.451742901690693088e-01
3.005484185621298820e-01
2.629816474341168941e-01
2.324970402077610743e-01
2.091162104983368408e-01
3.339766050403341069e-01
3.258837471994979751e-01
1.817892094227602229e-01
-1.350004295135406096e+01
1.994144107090676243e-01
2.190197313258011036e-01
9.870416488354294415e-02
1.317026070365727719e-01
1.719217590513437699e-01
2.193652617798136362e-01
1.229251615226587546e-01
1.837876050180113907e-01
9.884713984627069294e-02
3.271757706821176725e-01
2.546033918323473699e-01
1.873226344443423841e-01
2.821733403083612757e-01
2.263310769436088776e-01
1.757528753845178926e-01
1.304272303418656520e-01
2.508353687850046754e-01
2.168442354650323978e-01
1.880601054286046292e-01
1.644656652881053560e-01
1.460421753178593463e-01
1.327694587104417678e-01
1.246258917065858896e-01
1.215883945988025516e-01
1.236324236085977191e-01
1.307319636373449612e-01
1.428595218914381348e-01
-9.880859024974597560e-03
1.138840228205140193e-02
3.759971622775992728e-02
6.871988219768354611e-02
1.047142033848444953e-01
-2.825994996916847413e-02
1.657523721416964690e-02
6.617813915408987668e-02
-5.553989950638538176e-02
2.697712337976554409e-03
-1.118842114709082125e-01
-4.515699894122349178e-02
-1.527275534313332628e-01
-7.766500725972491637e-02
1.875806178560424087e-03
8.584481370823482393e-02
-7.502166371949670065e-03
8.445030808468345640e-02
-2.318713840224972955e-03
9.743511092395351625e-02
1.708860340357887253e-02
-6.039193883086113601e-02
5.036614597204902566e-02
-2.093094478200896447e-02
-8.947417542302105176e-02
3.185771375117951720e-02
-3.075614989603536742e-02
-9.073499001780760409e-02
4.071440386837821279e-02
-1.360373142443904726e-02
-6.541219408813958580e-02
-1.147514538831444497e-01
2.924290825120579029e-02
-1.480952283213810006e-02
-5.652627108617025442e-02
-9.595028477662026489e-02
-1.331250786473674452e-01
-1.680947242225840910e-01
-7.210363637028649464e-03
-3.748649408757387391e-02
-6.570212844005141051e-02
-9.190356419185263803e-02
-1.161376004750991342e-01
-1.384515265445998011e-01
-1.588931099734907093e-01
-1.775105845557902740e-01
2.487686244478481967e-03
-1.228874954375669404e-02
-2.539841144101728787e-02
-3.689135266498055898e-02
-4.681802503239396174e-02
-5.522926504761471733e-02
-6.217627969891736939e-02
-6.771063196180193700e-02
-7.188422600998478629e-02
-7.474929213367431657e-02
-7.635837136530199132e-02
-7.676429981256660540e-02
-7.602019269910442745e-02
-7.417942811215993970e-02
-7.129563045805298316e-02
-6.742265362476018709e-02
-6.261456385220753873e-02
-5.692562230956355052e-02
-5.041026738024356746e-02
-4.312309665425573257e-02
-3.511884862780334515e-02
-2.645238411037098558e-02
-1.717866733940809354e-02
-7.352746802098408807e-03
2.970264235443664802e-03
-1.884504871379988344e-01
-1.773717295249923609e-01
-1.659503738356420399e-01
-1.542415967647627895e-01
-1.423005422536789411e-01
-1.301823003227013942e-01
-1.179418856106622115e-01
9.683056440815107635e-02
1.091466189976131318e-01
1.214095613403287643e-01
1.335649343502609554e-01
1.455584726335814594e-01
1.573361257629812826e-01
-3.343335925924861840e-02
-2.217972985920368956e-02
-2.134377112818697242e-01
-8.231302017236430402e-04
9.174138550122279412e-03
1.864749514714958423e-02
2.754499093700246704e-02
3.581508381705589272e-02
4.340666408381821384e-02
5.026908057499213101e-02
5.635216710390977823e-02
6.160626918688194564e-02
6.598227106280774024e-02
6.943162300581207091e-02
7.190636892988777618e-02
7.335917428679294972e-02
7.374335425595290872e-02
7.301290222756051662e-02
7.112251857768114860e-02
6.802763973632863781e-02
6.368446754805745513e-02
5.804999892518480920e-02
5.108205579352897985e-02
4.273931533077757194e-02
3.298134049748568941e-02
2.176861086070402962e-02
2.063388171545454952e-01
1.917912318552055240e-01
1.756689502780375278e-01
1.579366449341250700e-01
1.385600699403255476e-01
1.175060936570559988e-01
9.474273161850987890e-02
7.023917975558902071e-02
4.396584791146551652e-02
1.589439364954614575e-02
-1.400224364559221613e-02
1.476763965898726383e-01
1.136756408562291654e-01
7.777212444477754616e-02
3.994454937151203922e-02
1.730815137648278323e-04
-4.156061347489981017e-02
1.057452709206074815e-01
5.963776265105025232e-02
1.151985945705291670e-02
-3.862007515436971516e-02
-9.079198642598385049e-02
4.390806632326871295e-02
-1.276062421891310805e-02
-7.148130965691734673e-02
-1.322564165750179654e-01
-7.899000426561997301e-03
-7.319300107968729208e-02
-1.405362893516439726e-01
-2.404501330346420218e-02
-9.587349149114743341e-02
-1.697254643130463592e-01
1.235065299111397508e-01
4.485336848833298973e-02
-3.577176099727807923e-02
6.490357102529742406e-02
-1.998580031252572553e-02
7.564222266461229083e-02
-1.338888729682707890e-02
-1.042550911194553009e-01
-1.566992740788464289e-02
-1.104528458837990001e-01
-2.645881684028950076e-02
-1.249701034340660044e-01
-4.532418144438565832e-02
3.206492925679071959e-02
-7.177108246978036732e-02
1.714724428893532604e-03
7.321004257570962181e-02
-3.532166279862281044e-02
3.280337395688093238e-02
9.925367157728715028e-02
-1.322798849332684767e-02
5.047809195093577728e-02
-1.658505552950316542e+00
-2.685622252755592854e-03
5.769336915372491603e-02
1.171880929489077516e-01
1.759613159903494761e-01
5.784365759024012732e-02
1.157411653493909398e-01
1.734183723031890167e-01
2.310666863725998610e-01
2.888852916538837690e-01
