9.144416423998791288e-02
-4.795154982264193677e-02
-1.583737032086673935e-02
-4.825401345334512371e-02
1.650791372071580554e-02
1.502496326222058087e-02
-5.615480361706204349e-02
-2.784010951842219583e-02
1.650443172908921952e-02
-1.182545676385871047e-02
6.412673807946589477e-02
-2.632203547429412538e-02
-1.202797747708928000e-02
1.692562715331291656e-02
-3.475832385274202352e-02
2.277956679557746611e-02
-2.571489970307538897e-03
-1.514554142485735611e-02
-1.479405282304924185e-02
-1.371960669871441496e-03
1.286577209289134771e-01
6.524665770223236905e-02
1.275804688580706170e-02
-2.871278164019486212e-02
-5.907301914672302701e-02
3.144507399360918498e-02
2.483354744478560860e-02
2.960442012187058936e-02
-6.764426222014208179e-02
-4.115295515859429543e-02
-3.051538578546342251e-03
4.673283669166039545e-02
-1.026123444853510591e-02
6.177816080500520002e-02
-9.620678366505330814e-02
-3.015205097852913241e-03
-2.123521018759788603e-02
-2.995347987794616529e-02
-2.913505822002093737e-02
-1.874747297421208714e-02
1.239198914248618166e-03
3.085226589902845262e-02
7.011635664503046428e-02
-1.259343607532059650e-02
4.482310213461460080e-02
-2.197570600654330519e-02
-8.133380764815001385e-02
2.806131542513412569e-03
-4.058458033003375931e-02
6.181590999452168944e-02
3.440937423545165075e-02
1.446273772791073498e-02
1.973772885406788191e-03
-3.061681080367861796e-03
-6.497449667790533567e-04
9.201474494091144152e-03
2.648185963590776737e-02
5.117925782926135980e-02
-6.461606537072839274e-02
-2.618349203933689751e-02
1.961995855106124509e-02
-7.812572734047762424e-02
-1.868873626153799705e-02
4.805571385455209565e-02
-3.179568007752209269e-02
4.844818207433831958e-02
-1.987571152767486637e-02
-8.291086516462087275e-02
1.687022260782100602e-02
-3.478185919300358364e-02
7.821479789308227737e-02
3.783191119430284743e-02
2.608373745772496477e-03
-2.748391403733307925e-02
-5.247426982037950438e-02
-7.239323050455936936e-02
7.740189404677266793e-02
-9.714521308595180926e-02
6.428552622355709900e-02
6.514169936428970686e-02
7.089207354704285535e-02
8.149860426019017723e-02
-7.264800644230717808e-02
-5.324134381339717947e-02
-2.909287300784058061e-02
-2.452521675593288819e-04
3.325766933588170104e-02
7.137085724815506182e-02
-6.004639275380441177e-02
-1.360191749952832652e-02
3.731885628565123625e-02
-8.353011908806706742e-02
-2.453220227619112848e-02
-1.387217344595512714e-01
-7.182009284366586144e-02
-6.828984919025060663e-04
7.463509015050817652e-02
-2.611318480941804410e-02
5.672375701135479176e-02
-3.783899191478212742e-02
5.232257538042972556e-02
-3.621929452506833513e-02
6.106611624329616461e-02
-2.162482917168517815e-02
8.257736263075798888e-02
5.562229871316048957e-03
1.164680464326579568e-01
4.494861793827453766e-02
-2.413361485366749548e-02
9.613035021470750507e-02
3.227328047222499663e-02
-2.927179585125827543e-02
-8.854488859654452426e-02
4.326948428013110970e-02
-1.114806902967302449e-02
-6.342435795897927164e-02
7.661188493804615973e-02
2.889922609412565180e-02
-1.680675532693953755e-02
-6.054886231572709221e-02
8.949215832487311673e-02
4.991825934433791190e-02
1.216904563852949650e-02
-2.379963599025813892e-02
-5.803223334640961184e-02
1.031172793909718166e-01
7.254622778324915089e-02
4.356717267530996196e-02
1.613454686304294228e-02
-9.797454551289774827e-03
-3.427486279792901769e-02
-5.734392395396525899e-02
-7.905108733709198532e-02
9.663233858185549252e-02
7.775692239772524772e-02
6.009353763749913924e-02
4.359501064584492269e-02
2.821402664500283208e-02
1.390314198533815215e-02
6.147964830631735822e-04
-1.169867416052738918e-02
-2.308502586333815998e-02
-3.359209359530268557e-02
-4.326777874558729309e-02
-5.216003642891564596e-02
-6.031686273718150915e-02
-6.778628194217617420e-02
-7.461633365380748728e-02
-8.085505994142749842e-02
-8.655049242327095271e-02
1.072645432465151316e-01
-9.650347254688540488e-02
-1.008569146482329870e-01
-1.048588259167502201e-01
-1.085569913682888910e-01
-1.119991077801500978e-01
-1.152327707319500405e-01
-1.183054616661252112e-01
-1.212645349737044853e-01
-1.241572051139314681e-01
7.239299155699541188e-02
6.948098526618196047e-02
6.648538547725024728e-02
6.335970507626598192e-02
6.005766305744941747e-02
5.653319703992565337e-02
5.274047569957929227e-02
4.863391110745851620e-02
4.416817096719682922e-02
3.929819074386387001e-02
3.397918567560509473e-02
2.816666266085121606e-02
2.181643201197402959e-02
1.488461906782845290e-02
7.327675656426890782e-03
-8.976086004679473263e-04
-9.834095149841459715e-03
-1.952428554506013825e-02
-3.001031066793302671e-02
-4.133392014392711644e-02
1.439139332686067974e-01
1.306026245567011301e-01
1.163228143051924235e-01
1.010344650275953882e-01
-1.119489915986662254e-01
6.727417280296776880e-02
4.872435552962883776e-02
2.901026815618479304e-02
8.094126559427650136e-03
-1.406137732521983708e-02
-3.749306771658211801e-02
-6.223727750918328638e-02
1.062867257787161179e-01
7.852954811710333161e-02
4.934696875295685459e-02
1.870479262692015254e-02
-1.343065048729386035e-02
-4.709250065118908424e-02
-8.231336281352241713e-02
7.331859707542776050e-02
3.455580467277741263e-02
1.858469706091057105e-01
-4.797919709611164762e-02
9.921311432361790139e-02
5.327860995529931643e-02
5.560826481143976707e-03
-4.396820764367248557e-02
-9.533590317749940368e-02
-1.485691098019970013e-01
-1.494840761682780794e-02
-7.237748677169975053e-02
5.613453369710441621e-02
-5.611703385056898696e-03
-6.935877896910369600e-02
5.147087386865223380e-02
-1.675924769750736232e-02
-8.706280899997409506e-02
-1.594613647681910606e-01
-4.913458999135400518e-02
-1.262154030068813881e-01
-2.156587236902396398e-02
-1.034251821051270781e-01
-4.565146920441520706e-03
-9.129384853807209765e-02
1.670725909548309573e-03
9.137708978732916876e-02
-3.043991872175411117e-03
8.061482913296913466e-02
-1.888450678205799704e-02
5.863540438048175929e-02
-4.601617132948376820e-02
2.527852035831301691e-02
9.314292437341009645e-02
-1.960748930000022483e-02
4.190717441517222142e-02
-7.616657555448114181e-02
1.544277900959514227e-01
3.047657016375637795e-02
7.847386481466855912e-02
-5.092682784635371718e-02
-9.503473750669400033e-03
2.830537920033293631e-02
6.247972198806905908e-02
-7.849904016077857705e-02
-5.103959574924488152e-02
-2.727096721523025735e-02
-7.213131983633047639e-03
9.113744358273834223e-03
2.168922037571974215e-02
3.049248770415147192e-02
3.550227651138015972e-02
3.669675744544065310e-02
3.405344000898935519e-02
2.754906730083916955e-02
1.715950706454805186e-02
-1.611510687478698856e-01
