-3.774782689555777893e-02
1.225217310444222385e-02
2.455273249375836131e-02
2.132959986137947239e-02
1.119592111145817359e-03
-1.335727448237733483e-02
-2.797921091626137668e-02
2.202078908373861221e-02
8.456977018605038587e-03
5.103024600803973687e-03
-1.456790027770793472e-02
-1.604641535087902859e-02
-1.721317660207477562e-02
-2.693957090556364786e-02
2.306042909443628552e-02
1.287517580979624654e-02
1.882887949047118425e-03
7.689210317570860376e-03
-5.165855427867405147e-03
-9.985110637205751871e-03
-1.565513889939040837e-02
3.434486110060963604e-02
2.788118633590963569e-02
2.070676207811805725e-02
1.292012754971305633e-02
-5.131274137152530557e-03
-4.071173443993769681e-03
-1.307692638036561661e-02
-2.230866983283386062e-02
-3.170086490010537439e-02
1.829913509989467002e-02
1.871732112441226725e-02
9.137851750014025498e-03
9.427669361501411771e-03
-3.030346710695130952e-04
-1.014101944383583032e-02
-1.011429458719770302e-02
-2.025391023190215023e-02
-2.055192110057513233e-02
-3.118184480146202198e-02
-3.197856772722573737e-02
1.802143227277408499e-02
1.693637175886175683e-02
1.552508377710060117e-02
1.375150835344474132e-02
1.158233529551111474e-02
8.987771538353506173e-03
-4.723004357520377283e-03
2.424523308698578461e-03
-1.581256330502434082e-03
-6.086124134107251393e-03
-5.344362027859261843e-05
-1.661138933776262760e-02
-1.138536805252110540e-02
-1.779812566006366836e-02
-2.469462477966288816e-02
2.530537522033693421e-02
2.944995079176004893e-02
3.330369381560549513e-02
2.522738316441408557e-02
1.673389822911275360e-02
7.845786438632096349e-03
1.046661957082628547e-02
1.286129444418326884e-02
3.053843174371628777e-03
4.980293916556632894e-03
6.715133811471041270e-03
-3.872447523414646042e-03
-2.538297889250973327e-03
-1.371622268986349980e-03
-3.679446395992158614e-04
-1.183833367979492124e-02
-1.119343623780855168e-02
-1.070841050402870920e-02
-1.038602431066149023e-02
-1.023083694918724973e-02
-1.024918254074069779e-02
-1.044913214278286873e-02
-1.084043208172724704e-02
-1.143442163564767355e-02
-1.224393291920122806e-02
-1.328317099227493969e-02
-1.722604193139076756e-03
-3.201678671745256111e-03
-4.955460132612721225e-03
-7.001978688997212430e-03
-9.359879670658877160e-03
1.155886519702775672e-03
-1.792981623248479650e-03
-5.106144911457555224e-03
-8.802873116419362987e-03
6.614300875495970899e-04
-3.751941355938370748e-03
5.153826797732463660e-03
-3.136003009540644371e-05
8.276019460865313704e-03
2.268309414026781212e-03
-4.229971632375040258e-03
3.066277165396869009e-03
1.007388209060966489e-02
-1.223403442071813174e-02
3.776596557928169062e-02
2.932044792247445741e-02
2.033377956957771460e-02
-4.169784974563661706e-03
-1.439409264150270928e-02
-9.926612913589316634e-03
4.007338708641050573e-02
2.887674982377497201e-02
1.712429038009677384e-02
4.817714725547261878e-03
-8.039894798113955687e-03
-2.144419400144492727e-02
-1.935292957434064931e-02
1.461028991140356226e-02
1.629982762339210467e-02
1.769157174490043616e-02
2.422959928333412449e-03
-1.336114416343470168e-02
-1.303242689027239720e-02
-1.298528520194963676e-02
2.030181612114301259e-02
1.997914022634539322e-02
2.457781443590434378e-03
1.502769418686433767e-03
2.821106014039287402e-04
-1.201330307815773324e-03
-2.025032809026150460e-02
-2.233763088128348784e-02
-4.218501483970893418e-02
2.531929878618299767e-02
2.272161254186766399e-02
2.196299289474623606e-03
-9.940358118978309676e-04
-4.439171128935548438e-03
-8.140524571206952942e-03
-1.210020598467753672e-02
-1.632104709784876206e-02
-2.080662736161009718e-02
-2.556129583089639112e-02
-3.059018848602690355e-02
1.940981151397291882e-02
1.410075903148388932e-02
8.504803305397601321e-03
2.614390093392593428e-03
1.518643024725108148e-02
-1.008406363511671344e-02
-1.691122423887314596e-02
-4.980120297348733516e-03
-1.236805881568070475e-02
-2.010819719422229923e-02
-8.803514823516600529e-03
-1.715912239757066970e-02
-2.590215437339971061e-02
-1.528647089377610513e-02
-2.470735238055254968e-02
2.529264761944727269e-02
3.544254409972147357e-02
2.530155545450973875e-02
1.470736378308945547e-02
2.405142081220290606e-02
1.266552890829331091e-02
2.146638200236772320e-02
9.242323151807951831e-03
1.746871802350824510e-02
4.359344498020334413e-03
1.197976030170266881e-02
-2.062188362861760993e-03
4.920846434773196165e-03
1.164023772756905828e-02
-3.785701421232801067e-03
2.253294582722276118e-03
8.011796165233064926e-03
1.348516184978798549e-02
-3.849337457978663224e-03
8.915259746302695021e-04
5.331814184351912900e-03
-1.358036031464315840e-02
-9.909343649438184798e-03
-6.552800860191609900e-03
-3.514371974837615653e-03
-7.975369612367444461e-04
1.594390513483645577e-03
-2.043374401131892171e-02
5.391133276209103542e-03
-1.763625792147394122e-02
-1.674269682004592141e-02
-1.618907194054308718e-02
-1.597750509271556041e-02
-1.610992487691476072e-02
-1.658806620779529339e-02
-1.741347065031817465e-02
-1.858748760061423866e-02
-2.011127636143505981e-02
-4.805485800558173537e-02
-2.421187467856711351e-02
-2.679008355760359450e-02
-2.972087346446095069e-02
-3.300451616411415046e-02
-3.664112515243900248e-02
1.335887484756170807e-02
6.335887484756241861e-02
5.936933566217383884e-02
5.502704228194765790e-02
2.285288830346487998e-02
1.763029864903131738e-02
1.205650962559090544e-02
6.205650962558983963e-02
5.613218051439794465e-02
2.159003228980438394e-02
1.479265055378320426e-02
7.647472172113367606e-03
1.553345883724688292e-04
-7.682935145199465410e-03
4.231706485479946878e-02
3.413345957335067737e-02
2.560526402714913274e-02
1.673315054728341522e-02
7.517696145791674667e-03
-2.040640525326153920e-03
-1.194154285073523170e-02
3.805845714926547885e-02
2.781513950035297000e-02
1.722936580127232276e-02
6.300879049756957784e-03
-4.970819651319402510e-03
-1.658649702275383220e-02
-2.854721379338620579e-02
-9.657380305247542651e-03
-2.213835304695166428e-02
2.786164695304904626e-02
1.503152359567039298e-02
1.849951991529152906e-03
-1.168577821254679350e-02
-2.557881615939550102e-02
-7.660435971192924853e-03
-2.209636330941577853e-02
-3.689955893426777322e-02
-1.944038760939825750e-02
-3.480381585259095800e-02
-1.762784499212344258e-02
-5.477643539002485795e-04
1.643561949203764527e-02
1.088801686837115312e-04
-1.661528603064255094e-02
-1.288352333936870764e-04
-1.746408497762530487e-02
-3.521764996193077479e-02
-1.925425322345297729e-02
-3.765338660979011820e-02
-2.201856340592556194e-02
-6.495985991193720110e-03
-2.579335744244382056e-02
-4.555753708889476172e-02
-3.061864332048713777e-02
-5.110722336016237932e-02
3.419869920475804292e-02
1.346182803634654590e-02
2.790404521027944895e-02
6.400507397628985018e-03
2.045089911490549639e-02
-1.853985217586284762e-03
1.178660096246630928e-02
-1.135686877297814590e-02
1.854654644397157881e-03
1.491865849877527239e-02
-9.405246397484745557e-03
3.202052816794420664e-03
-2.205716708036398188e-02
-9.928749799524183572e-03
2.034902638229141303e-03
-2.454269789256713352e-02
2.545730210743180066e-02
-1.811617962763634182e-03
9.287727946627910569e-03
-1.906022404149432248e-02
-8.513343247409821402e-03
1.843496868138672085e-03
1.200729037420522616e-02
-1.825646828922167231e-02
-8.690211756784194108e-03
6.706174289377031528e-04
9.822839473951461287e-03
1.876324269205298378e-02
-1.400440742460773436e-02
-5.719034317229088060e-03
2.341374987627986570e-03
1.017346503368443678e-02
1.777385487606153447e-02
-1.773411054041140744e-02
-1.084934500301137916e-02
-4.210035800015887730e-03
2.180325634652646727e-03
8.318229185970693607e-03
1.420014719124829128e-02
-2.481816508969103552e-02
2.518183491030967502e-02
-1.490314106918333437e-02
-1.035460198456839009e-02
-6.083521035158412360e-03
-2.093518202698874120e-03
4.790648179730183642e-02
5.028728464953502453e-03
8.153690293269733047e-03
1.098301165673909452e-02
1.351303551705207440e-02
1.574009971301393307e-02
6.574009971301286726e-02
1.927067843647201073e-02
2.056684812452225231e-02
2.154536927434591576e-02
2.220256160916633803e-02
-2.746177505364855165e-02
-2.779067838984694561e-02
2.220932161015198858e-02
2.154434048622988485e-02
2.053958660936316960e-02
1.919136114337938182e-02
1.749596072553138981e-02
1.544967664382745909e-02
-3.971041028379573845e-02
1.028958971620497209e-02
6.028958971620568263e-02
5.716833276760979743e-02
-1.753199946108452423e-04
-4.405238839339631340e-03
-9.012260901027246973e-03
-1.400019071098057566e-02
-1.937285480048700492e-02
-2.513410479437894196e-02
2.486589520562176858e-02
1.871217919905276972e-02
1.216208488782655195e-02
5.211663770861463263e-03
-2.143073227557579230e-03
-9.906160479204118019e-03
-1.808168274510180140e-02
3.191831725489890914e-02
-3.568665660486303182e-02
-4.512458104575856055e-02
4.875418954242149994e-03
5.487541895424286054e-02
-1.529303854025698683e-02
-2.603251592246635937e-02
2.396748407753435117e-02
1.278505366829563172e-02
1.154948690800239319e-03
-1.092766825355795390e-02
3.907233174643920393e-02
2.653223977289442814e-02
1.352957365511286980e-02
5.908723091252454651e-05
-1.388462433194348478e-02
-2.830713681120755609e-02
-4.321420988233271032e-02
6.785790117668000221e-03
5.678579011766871076e-02
4.138819922704328746e-02
2.549392135483685706e-02
9.096560267838782465e-03
-7.810523256722490260e-03
4.218947674327822028e-02
2.476577184088313288e-02
6.818269336690718774e-03
-1.166050271085694590e-02
3.833949728914376465e-02
1.932166870743046161e-02
-2.433387089908478629e-04
-2.036400379128622262e-02
-4.104918411520941390e-02
8.950815884791296639e-03
-1.230813924133045134e-02
-3.415055501588781794e-02
1.584944498410933988e-02
-6.586568967108519246e-03
-2.962679683295732502e-02
-5.328236025717458801e-02
-3.282360257173877471e-03
-2.756491569107311079e-02
2.243508430892759975e-02
-7.806048459293890573e-02
-2.806048459293819519e-02
-5.429976277847359256e-02
-4.299762778476434733e-03
-3.121862928404084414e-02
-5.883189308534397810e-02
-8.831893085343267558e-03
-3.715509892666446490e-02
-6.620456579739553149e-02
-1.620456579739482095e-02
3.379543420260588960e-02
4.002573049877611311e-03
-2.655167150678749977e-02
-5.788618770053943763e-02
-7.886187700538727086e-03
-4.002080780187355913e-02
-7.297635477908315238e-02
-2.297635477908244184e-02
-5.677469074365149027e-02
-6.774690743650779723e-03
4.322530925634993082e-02
8.561232767053894577e-03
-2.699267738334043543e-02
-6.346171004823730755e-02
-1.346171004823659700e-02
-5.087240591669939249e-02
-8.724059166986819491e-04
-3.925261568955562552e-02
1.074738431044153231e-02
-2.863156037120262454e-02
-6.903989373644137117e-02
-1.903989373644066063e-02
-6.050976703323129868e-02
-1.050976703323414085e-02
3.949023296676656969e-02
-3.074895983328218563e-03
-4.677063014420212994e-02
3.229369855798580602e-03
-4.163402469713517462e-02
8.365975302865535923e-03
-3.770391472750844741e-02
-8.502099206500091100e-02
-3.502099206500020045e-02
1.497900793499695737e-02
6.497900793499766792e-02
1.637211524737125501e-02
-3.356923921515075904e-02
1.163721152473726761e-01
6.643076078484710933e-02
1.510819480120773051e-02
6.510819480120844105e-02
1.235547644423462543e-02
6.235547644423533598e-02
8.121383051360453464e-03
5.812138305136116401e-02
2.352316448948954530e-03
5.235231644894966507e-02
-5.007793823025963320e-03
4.499220617697119451e-02
-1.401759044057016013e-02
3.598240955943055042e-02
-2.473839146103173903e-02
2.526160853896897152e-02
7.526160853896612934e-02
1.276570319272352094e-02
6.276570319272423149e-02
-1.572298155426921085e-03
4.842770184457378946e-02
9.842770184457094729e-02
3.217760768731281473e-02
-3.605769817343329464e-02
1.394230182656741590e-02
-5.635457734363669147e-02
1.139423018265652843e-01
4.364542265636117691e-02
-2.879275852540175151e-02
2.120724147459895903e-02
-5.345546575522064359e-02
-3.455465755223485758e-03
4.654453424477722479e-02
9.654453424477793533e-02
1.957044940848717829e-02
6.957044940848788883e-02
-9.805628348765083047e-03
4.019437165123562750e-02
9.019437165123633804e-02
8.321781522340643278e-03
5.832178152234135382e-02
1.083217815223385116e-01
2.385411080765464931e-02
-6.331140644816457552e-02
-1.331140644816386498e-02
3.668859355183684556e-02
-5.328188737507133510e-02
-3.281887375070624557e-03
4.671811262493008599e-02
9.671811262493079653e-02
3.831041726069628339e-03
5.383104172606678617e-02
-4.208891728522345943e-02
7.911082714777251113e-03
5.791108271477796166e-02
-4.116290184143167608e-02
8.837098158565481754e-03
5.883709815856619230e-02
-4.351706101683205929e-02
6.482938983168651248e-03
5.648293898316936179e-02
-4.928273289040419058e-02
7.172671095965199584e-04
5.071726710959723050e-02
-5.859662703981527443e-02
-8.596627039814563886e-03
4.140337296018259394e-02
-7.160101228671678086e-02
-2.160101228671607032e-02
2.839898771328464022e-02
-8.844390981577276989e-02
-3.844390981577561206e-02
1.155609018422509848e-02
6.155609018422580903e-02
-5.927929179224022960e-02
-9.279291792239519054e-03
-1.342672856051621011e-01
-8.426728560516139055e-02
-3.426728560516068001e-02
1.573271439484003054e-02
6.573271439484074108e-02
-6.357438386570635203e-02
-1.357438386570564148e-02
3.642561613429506906e-02
-9.737366029249372446e-02
-4.737366029249301391e-02
2.626339707504143917e-03
5.262633970750485446e-02
-8.584499161828418323e-02
-3.584499161828347269e-02
1.415500838171723785e-02
6.415500838171439568e-02
-7.917528565479869940e-02
-2.917528565479798885e-02
2.082471434520272169e-02
7.082471434520343223e-02
-7.755871565503724696e-02
-2.755871565503653642e-02
2.244128434496417412e-02
-1.311969611149628179e-01
-8.119696111496210733e-02
-3.119696111496494950e-02
1.880303888503576104e-02
-1.402994551590417416e-01
-9.029945515904103104e-02
-4.029945515904032050e-02
9.700544840956837334e-03
5.970054484095754788e-02
-1.050836386566800229e-01
-5.508363865667931236e-02
-5.083638656678601819e-03
4.491636134331855601e-02
9.491636134331926655e-02
-7.577522121944824107e-02
-2.577522121944753053e-02
2.422477878055318001e-02
7.422477878055033784e-02
-1.026084492314360830e-01
-5.260844923143537244e-02
-2.608449231434661897e-03
4.739155076856604865e-02
-1.358263810680533368e-01
-8.582638106805262623e-02
-3.582638106805191569e-02
1.417361893194879485e-02
-1.756811696612459173e-01
1.141736189319466632e-01
-7.568116966124804890e-02
-2.568116966124733835e-02
2.431883033875337219e-02
7.431883033875408273e-02
1.243188303387512406e-01
-7.243435257199593025e-02
-2.243435257199521971e-02
2.756564742800549084e-02
7.756564742800620138e-02
1.275656474280033592e-01
1.775656474280040698e-01
-2.635714973369829295e-02
2.364285026630241759e-02
7.364285026630312814e-02
-1.377307690332116863e-01
1.736428502663009965e-01
-3.773076903321026521e-02
1.226923096679044534e-02
6.226923096679115588e-02
1.122692309667883137e-01
1.622692309667890243e-01
-5.684671989891754151e-02
