-3.400787102342661683e-02
1.599212897657338595e-02
1.971233129519803229e-02
1.466905357831790879e-02
-3.608017010704844818e-03
-1.521799272232726707e-02
-1.829368946108617111e-02
2.287348393848842587e-02
1.128730264229960145e-02
1.871909587805586916e-04
-1.052831378928686945e-02
-1.243863411110690542e-02
-2.308873002703892841e-02
-2.533909604038908636e-02
2.466090395961084702e-02
2.201745178449954210e-02
1.033282509012467543e-03
6.142086331680451927e-03
-7.429401728947460093e-03
-1.259513916433907532e-02
-1.836491628764136408e-02
3.163508371235868033e-02
2.529697580533118995e-02
1.843640554521774888e-02
1.110388479057955458e-02
3.349843014753162151e-03
-1.450105319982664120e-02
-2.301855109883765849e-02
-2.201410675519577254e-02
-3.106927827710070922e-02
1.893072172289933519e-02
1.950741174983794401e-02
9.946513443472415616e-03
1.009552306995820103e-02
-6.328187673876328745e-07
-3.259126303163384364e-04
-1.103530669416197263e-02
-1.191433038126410437e-02
-1.307625477603702180e-02
-2.487245865680809409e-02
-2.672737813273684537e-02
2.327262186726297699e-02
2.107234563221505041e-02
1.850987747387966564e-02
4.936325947039854611e-03
1.224216055206994724e-02
-2.278427856230003101e-03
4.383697845492751100e-03
-1.562791830189702580e-04
-5.105041561928480576e-03
-1.046022514344002730e-02
-5.033715122629622840e-03
-1.110625868864678623e-02
-1.756552011743162112e-02
-1.300423157441610300e-02
-2.013179531994779836e-02
1.839980631758830754e-02
2.238671185125662433e-02
1.456433326254602534e-02
1.806972702971965106e-02
9.666093970434275207e-03
1.272215916645347278e-02
3.774711609038750026e-03
6.408258316175530211e-03
8.860409568424820748e-03
-8.256295576742900266e-04
1.226237633889404322e-03
3.101091000675015863e-03
4.797746447108064416e-03
6.313725990559682089e-03
-4.551289288336590744e-03
-3.457751906297268363e-03
-2.562107473218500076e-03
-1.872446051399467848e-03
-1.398112825760300382e-03
-1.362416770938068566e-02
-1.367455817944662755e-02
-1.377993752112782744e-03
-1.881106924587871987e-03
-1.540305855133805579e-02
-3.737223879799245196e-03
-5.121005547583656892e-03
-6.829899956803942018e-03
-8.880246802528191097e-03
1.848017147335845323e-03
-8.394452197144630645e-04
-3.913422335966920684e-03
-7.389896194313294586e-03
2.229246254367822644e-03
-1.561186266465863781e-02
-6.650171623537204368e-03
2.054285828310575823e-03
-3.415836432468566386e-03
4.668041677737377881e-03
-1.646877747751851473e-03
-8.458447802073720823e-03
-1.398243704366031182e-03
-9.098722691513572158e-03
-1.731613519117125577e-02
-1.132137340837058304e-02
-5.621623171506939798e-03
4.437837682849288257e-02
1.988635980560893302e-02
9.699128783298149870e-03
1.421257404699094451e-02
3.103547997092448441e-03
-8.529063943037762385e-03
4.147093605696205998e-02
2.931849509026740463e-02
1.665103328638384284e-02
3.474292271363310647e-03
5.761431055250731958e-03
-8.290409918439323178e-03
-2.283206608073307109e-02
2.716793391926675127e-02
1.214440861503618407e-02
1.306542979263181081e-02
-2.781782605397964403e-03
-1.908860022829550473e-02
-1.911569110957156425e-02
-1.939392626319147439e-02
3.060607373680834797e-02
1.318262441038875465e-02
1.232895790054477914e-02
-5.853283339251724726e-03
-7.270756002633049775e-03
-8.927510887230205583e-03
-2.817417808096500664e-02
-3.038723222253558731e-02
-3.283912428224322611e-02
1.716087571775659626e-02
1.446904560727357847e-02
1.153554766387365760e-02
8.357992730180896501e-03
-1.293047415033665715e-02
1.257704181970353829e-03
-2.070798153401032238e-02
-2.498788258608009016e-02
-2.953664675130163175e-02
-3.436130090446720686e-02
-2.106815919096760581e-02
1.053036258424366878e-02
2.362967676382687898e-02
1.802915162124030246e-02
1.212045750403678568e-02
5.893053260471958765e-03
-6.643161449781942451e-04
-7.563595701158831730e-03
4.307402008956628947e-03
-3.190054130210562278e-03
-1.106441653571721417e-02
-1.932988337379359933e-02
-8.398056571019552052e-03
-1.734830723824920540e-02
-2.672993596573558506e-02
-1.656516176569056142e-02
3.343483823430926094e-02
2.329883376457964062e-02
3.294564394385979256e-02
2.200980620493897533e-02
1.057183551051110726e-02
3.997801979120296778e-02
2.784434569323757103e-02
1.516919985149378647e-02
2.307663167985296582e-02
9.461662953135885346e-03
1.672709263660010492e-02
2.126180302903790675e-03
8.719202697117012235e-03
1.503495156758916096e-02
-1.021435726855202120e-03
4.581027826048966745e-03
9.890379407393012912e-03
1.490231925721552386e-02
-3.146538082201999487e-03
1.103836521146206451e-03
-1.810583844633129047e-02
-1.464115431531887168e-02
-1.149700001627174117e-02
-8.676717867569294640e-03
-6.183488520218105577e-03
-4.020326144665631318e-03
-2.190074173890721454e-03
-2.507469317497346140e-02
-2.408800503507890767e-02
-2.344278691660051095e-02
-2.314107720096103549e-02
-2.318473109898810947e-02
-2.357542063472628513e-02
-2.431463535346978233e-02
-2.540368382171820372e-02
-2.684369589227486586e-02
-5.466381105788720163e-02
-5.698503255364251174e-02
-3.327820222380850623e-02
-6.268853980974498086e-02
-3.933570417504128613e-02
-6.980855643831596069e-02
-4.680995141258215142e-02
-5.107830756889342183e-02
2.610012279477302855e-02
7.610012279477373909e-02
7.165479093335669347e-02
6.685574213373790542e-02
3.399484510941874760e-02
2.831344054247608710e-02
2.228008225733546510e-02
7.228008225733439929e-02
6.589542887971866492e-02
5.916018096472441812e-02
2.340153645299380969e-02
1.579299560575009309e-02
7.836403950994608181e-03
-4.675588432565547237e-04
4.953244115674237946e-02
4.088173117109761279e-02
3.188482212897270074e-02
2.254216563404831675e-02
1.285409544795079739e-02
2.820805637082202111e-03
-7.557671781032837544e-03
4.244232821896787300e-02
3.171851037162731757e-02
2.064899124692409771e-02
9.233178456174329085e-03
-2.529775715785831380e-03
-1.464099830024778726e-02
-2.710191977522136142e-02
-3.991429826122860902e-02
-2.145292884020477686e-02
2.854707115979593368e-02
1.520343444748206707e-02
1.502353447607518433e-03
-1.255926649409921936e-02
5.273635949262001077e-03
-9.335553559214559982e-03
-2.431497391171788536e-02
-3.966934395318411077e-02
-2.248874980899095988e-02
-3.841552323332919627e-02
-2.152440157771806639e-02
2.847559842228264415e-02
1.196281710621782679e-02
-4.949141463507444882e-03
1.144286930120586021e-02
-6.082098884572673114e-03
-2.402613461899605340e-02
-8.158107459300012465e-03
-2.674792690337390866e-02
-1.120828265824869163e-02
-3.046647291099446875e-02
-1.526706911562669688e-02
-3.521848944162009332e-02
-2.037233367502189196e-02
-4.104416808506172742e-02
-2.656544127537330269e-02
2.343455872462740786e-02
2.012761068678869947e-03
1.610868763613559906e-02
-6.095014989519143001e-03
7.601539370813981122e-03
2.116107886427798235e-02
-2.139009990754558999e-03
1.099718896452550609e-02
2.398802791351783981e-02
-4.752052514724880439e-04
1.206619774008999002e-02
-1.331659477728663887e-02
-1.245574251596437421e-03
1.066379733687128351e-02
-1.601243834905652363e-02
-4.603165004539278016e-03
6.634221584331356780e-03
-2.141734850060572626e-02
-1.071174488745185727e-02
-1.889062749960146448e-04
-2.970282255107647984e-02
-1.974531860716055576e-02
-9.982060599535103051e-03
-4.160078378472320537e-04
8.949846223307744708e-03
1.811247476720723171e-02
-1.418421393026925159e-02
-5.649744281464919027e-03
2.669075331596104661e-03
-3.135298859010582362e-02
-2.370031842370856623e-02
-1.627618908292127742e-02
-9.083889413387780110e-03
-2.126732886610582796e-03
4.591943324253833225e-03
1.106877926882887664e-02
-2.671661780005862852e-02
-2.098567632851278120e-02
-1.551022434592752575e-02
-1.029372200118316982e-02
-5.339646823456334346e-03
-6.514928769512096096e-04
3.767230059450454860e-03
7.912997283872513776e-03
1.178226993046394000e-02
6.178226993046465054e-02
1.867710949739986859e-02
2.169553415295411014e-02
2.442318091993733731e-02
-2.100826876726991088e-02
-1.917459596449333503e-02
3.082540403550559915e-02
3.235383819407644523e-02
3.357339388352365006e-02
3.448042188213484849e-02
-1.465774869432223682e-02
-1.471029248721755778e-02
-1.509005476168212567e-02
3.490994523831680851e-02
3.419926740679279931e-02
3.315396642365797675e-02
3.177032356661158019e-02
-2.202692294546793050e-02
2.797307705453100368e-02
-2.722247676269518024e-02
2.277752323730553030e-02
1.964593960146743257e-02
1.615341512751911068e-02
1.229612320943473946e-02
8.070215423011006806e-03
3.471819320758129379e-03
-1.502964000763995500e-03
-6.858062572245415822e-03
-1.259743647304034653e-02
3.740256352696036402e-02
3.127491898525036618e-02
2.475496980071056896e-02
1.783863953597020213e-02
1.052180527291923795e-02
2.800293253713448394e-03
-5.330125805691920959e-03
-1.387374174381506009e-02
-2.283491033833939809e-02
-3.221805906245833739e-02
-4.202769322838406651e-02
7.972306771616644028e-03
-2.268402534006952465e-03
4.773159746599020536e-02
3.705513197078502685e-02
2.593813048121518250e-02
1.437570658077191865e-02
2.362858912398735356e-03
-1.010553764054122894e-02
-2.303474128242655183e-02
2.696525871757415871e-02
1.356984683775053213e-02
-2.973277789202199983e-04
-1.464198395560956101e-02
-2.947001640413660084e-02
-4.478750790099184087e-02
5.212492099008869673e-03
5.521249209900958022e-02
3.939925790292164720e-02
2.308378301594515847e-02
6.259340959573478358e-03
-1.108103808149252245e-02
-2.894458283758183370e-02
2.105541716241532413e-02
2.661202714239863099e-03
-1.627147776093806897e-02
3.372852223906264157e-02
1.424926912735458018e-02
-5.784992254866949679e-03
-2.638304617644848804e-02
2.361695382355222250e-02
2.445953959135493960e-03
-1.930753580434085848e-02
3.069246419565629935e-02
8.346527657693059155e-03
-1.460224879490468197e-02
-3.816471892283246348e-02
1.183528107716824707e-02
-1.235222250569023572e-02
-3.717661181583409302e-02
1.282338818416661752e-02
-1.265027920132055783e-02
-3.878618581249426711e-02
1.121381418750289072e-02
-1.559789150751456077e-02
-4.309958597301388750e-02
6.900414026986823046e-03
-2.130612109677798571e-02
-5.023304463034250489e-02
-2.330446303417943454e-04
-2.989663518022567246e-02
-6.031393856735789427e-02
-1.031393856735718373e-02
-4.150280559525043600e-02
8.497194404750274543e-03
-2.348193126828590493e-02
-5.627089550255348627e-02
-6.270895502552775724e-03
-3.989020537244414299e-02
1.010979462755656755e-02
-2.436133893739622636e-02
-5.970679069399054129e-02
-9.706790693989830743e-03
-4.595011869967535745e-02
4.049881300325353095e-03
-3.311599341538595809e-02
1.688400658461475246e-02
-2.123024831548292468e-02
-6.031993231429311209e-02
-1.031993231429240154e-02
-5.041336405967911105e-02
-4.133640596784005083e-04
-4.154018814535476167e-02
8.459811854642396156e-03
-3.373143329440964067e-02
1.626856670559106988e-02
-2.701957256791231998e-02
2.298042743208839056e-02
-2.143858565358414126e-02
2.856141434641656929e-02
-1.702402329047458807e-02
-6.381307388711476847e-02
-1.381307388711405792e-02
-6.184463239149451397e-02
-1.184463239149380342e-02
3.815536760850690712e-02
-1.115937147260481765e-02
3.884062852739589289e-02
-1.179981507460681200e-02
3.820018492539389854e-02
8.820018492539460908e-02
3.618958559435725419e-02
-1.723762642505022313e-02
3.276237357494693470e-02
-2.212999489355027549e-02
2.787000510645043505e-02
7.787000510645114559e-02
2.146176594723669950e-02
-3.651531500140237085e-02
1.348468499859833969e-02
6.348468499859905023e-02
3.883445162962573249e-03
5.388344516296328379e-02
-7.399708633784030098e-03
4.260029136621668044e-02
-2.042506432743351752e-02
2.957493567256719302e-02
-3.525554058126090240e-02
1.474445941873625543e-02
-5.195678770703082705e-02
-1.956787707030116508e-03
4.804321229297059404e-02
-2.059729171723390095e-02
2.940270828276325688e-02
7.940270828276396742e-02
8.751518413820491560e-03
-6.398483979896241181e-02
-1.398483979896170126e-02
3.601516020103545657e-02
-3.888401626902293629e-02
1.111598373097777426e-02
6.111598373097848480e-02
-1.602694570643947714e-02
3.397305429355768069e-02
-4.549796852089116328e-02
4.502031479109547263e-03
5.450203147911025781e-02
1.045020314791109683e-01
2.261504465538166642e-02
7.261504465538237696e-02
-1.177943526261771012e-02
3.822056473738300042e-02
8.822056473738371096e-02
1.223272161251287571e-03
5.122327216125199811e-02
-3.847607902831384763e-02
1.152392097168686291e-02
6.152392097168757346e-02
1.115239209716847313e-01
1.901919893068182432e-02
6.901919893068253486e-02
-2.639841644634444151e-02
2.360158355365626903e-02
7.360158355365342686e-02
-2.484080602289040485e-02
2.515919397711030570e-02
-7.642436143961006678e-02
-2.642436143960935624e-02
2.357563856038780159e-02
7.357563856038851213e-02
-3.127014187801790968e-02
1.872985812198280087e-02
6.872985812198351141e-02
-3.950403529079693499e-02
1.049596470920377556e-02
6.049596470920448610e-02
1.104959647092051966e-01
-1.256924201939568775e-03
4.874307579805758905e-02
-6.666485618183770612e-02
-1.666485618183699557e-02
3.333514381816371497e-02
-8.586921910420741710e-02
-3.586921910421025927e-02
1.413078089579045127e-02
6.413078089579116181e-02
-5.901692129409852328e-02
-9.016921294097812734e-03
4.098307870589934510e-02
-8.626057667778397331e-02
-3.626057667778326277e-02
1.373942332221744778e-02
-1.177586950476872119e-01
-6.775869504769005403e-02
-1.775869504768934348e-02
3.224130495231136706e-02
-1.036758775575314928e-01
-5.367587755753078227e-02
-3.675877557533624440e-03
4.632412244246708610e-02
-9.418301756475244702e-02
-4.418301756475173647e-02
5.816982435248974070e-03
-1.394575069397383515e-01
1.058169824352468424e-01
-3.945750693973693046e-02
1.054249306026378008e-02
6.054249306026449062e-02
-8.968344796322824664e-02
-3.968344796322753609e-02
-1.950518709356607872e-01
6.031655203677388499e-02
-9.505187093565936607e-02
-4.505187093566220824e-02
4.948129064338502303e-03
-1.557609576243841332e-01
-1.057609576243834226e-01
-5.576095762438271208e-02
-5.760957624385554254e-03
4.423904237561515629e-02
9.423904237561586683e-02
-7.201627067684768235e-02
-2.201627067684697181e-02
2.798372932315018602e-02
-1.440309891302931078e-01
1.279837293231516071e-01
-4.403098913029168671e-02
5.969010869709023837e-03
5.596901086970618167e-02
-1.220261501506847424e-01
-7.202615015068403181e-02
-2.202615015068332127e-02
2.797384984931738927e-02
7.797384984931454710e-02
1.279738498493152576e-01
-5.623089713602524853e-02
-6.230897136024537986e-03
4.376910286397617256e-02
-1.468827343215828307e-01
-9.688273432158212017e-02
-4.688273432158140963e-02
3.117265678419300912e-03
5.311726567842001145e-02
1.031172656784171693e-01
1.531172656784178798e-01
-4.422778802688753785e-02
5.772211973113172689e-03
5.577221197311388323e-02
1.057722119731110411e-01
-9.852107468702087090e-02
-4.852107468702016035e-02
1.478925312980550189e-03
5.147892531298126073e-02
1.014789253129784186e-01
1.514789253129791291e-01
2.014789253129798396e-01
