4.661442288237083176e-02
-2.581646890509432801e-02
-4.249839705391025846e-02
-2.543660961542001941e-02
-1.846188604082216189e-02
1.419696683373672386e-02
4.402230515165400648e-02
-5.977694848345982415e-03
7.853907408323812511e-03
1.711378282948600171e-02
2.240853095230477265e-02
1.622107939085704054e-02
2.553684351142637698e-02
1.741881293971514477e-02
2.669273746404887682e-02
-3.186730994204367562e-02
-2.983750615017588537e-02
-2.585982719003820929e-02
-2.910570442886639686e-02
-2.072257519018871896e-02
-2.017804095642361517e-02
-7.393228719553279760e-03
-3.484084974650247801e-03
1.280452768859285939e-02
7.778828762272427255e-03
-4.222117123772761715e-02
-2.389787828394962510e-02
-4.906945602121570715e-03
-8.732927944956170307e-03
1.054508644930085559e-02
1.810980498379421988e-02
1.395640002038756045e-02
3.227057628434115699e-02
2.746521736681595272e-02
4.470553982675373739e-02
3.917317188687263751e-02
-1.082682811312740689e-02
-5.609424290801801050e-03
-7.357500098179592385e-04
3.885047030453891992e-03
-2.527345432113747847e-03
1.923400872908764825e-03
6.458735283027206009e-03
1.121378068474720990e-02
-5.771358032018447659e-03
1.075547814492949783e-02
5.561833498487267491e-03
1.218597403754406727e-02
8.042661988290067399e-03
1.613521434699105583e-02
1.430986030527492403e-03
1.103198169839192389e-02
9.434719085498866065e-03
-4.056528091450095630e-02
-4.150560506063261101e-02
-4.178331357869069507e-02
-2.870244564292345757e-02
-4.036638682688087343e-02
-2.568366454840420587e-02
-3.641665617082612272e-02
-2.024897540890435721e-02
-3.013833886403727291e-02
-1.265606019921117209e-02
-2.181680835799104656e-02
-3.228554260044980140e-03
-1.179371067843248966e-02
7.670384907993543777e-03
-4.399417403306848939e-04
5.618796715614937654e-03
1.187172783056933412e-02
4.163127139193534276e-03
2.479275921016910189e-02
1.723186674799981333e-02
2.386042257284382018e-02
3.051264605022918630e-02
2.300323350682731416e-02
2.964449309891126205e-02
2.210844187916327641e-02
2.869770824400186271e-02
2.111596342895705192e-02
2.764378238151721234e-02
2.002131438467547042e-02
2.651035431865444991e-02
1.887603959271721976e-02
2.538024271790373376e-02
1.778573520694237686e-02
2.438817593502751180e-02
2.725825786621172142e-03
9.498269997285646582e-03
2.183290559957917765e-03
-5.020189460893220712e-03
2.249732836188123031e-03
-4.614962143497436386e-03
-1.129905784048368389e-02
-1.778057043290193207e-02
-9.402229261411321204e-03
-1.532408966942266915e-02
-2.096869508708287810e-02
-2.631381559052137220e-02
-3.133756453061398162e-02
-2.083241842902339158e-02
-9.669041686126256252e-03
-1.333652408749763651e-02
-1.658911779049709878e-02
-3.583961704006988214e-03
1.022749205992568022e-02
2.487906106226223102e-02
-4.136427715254420434e-02
-2.606308718096705945e-02
-2.650537591433721474e-02
-2.643866904935521234e-02
-8.878445520198674501e-03
-7.597427371569764887e-03
-5.788422190017072921e-03
1.411518421434987403e-02
-3.588481578564994834e-02
-3.283791389214041345e-02
-2.926170236218261778e-02
-2.515908708854830422e-02
-2.053440645509585494e-02
3.100566063693577235e-03
-9.742926708230292832e-03
1.523574927719018035e-02
2.204111305181832847e-02
2.932458833385265251e-02
-2.067541166614716985e-02
-1.292518318836055613e-02
-2.417165038254687204e-02
-1.567056406367761667e-02
1.300283700345783444e-02
2.618677919102196938e-03
1.238016999620317193e-02
2.253497120605096882e-02
3.306972623007276013e-02
2.363083116486830448e-02
3.476992444602444721e-02
-1.523007555397537516e-02
-3.744997230134217148e-03
-1.256854390289596779e-02
-5.324656496528135108e-04
1.182016849129752245e-02
2.448001806292854354e-02
1.641981749217258368e-02
2.957403116538692700e-02
2.183721148657280509e-02
3.546888042203022451e-02
2.804632282571350999e-02
2.074794682898506437e-02
3.503243475579687072e-02
2.804347211533109174e-02
4.279316382904596594e-02
3.611629686778616843e-02
5.133923522473970991e-02
4.498254797393563820e-02
-5.017452026064184167e-03
-1.124256726876637913e-02
4.672096178080842321e-03
-1.212229540930920280e-03
-6.954568334970545607e-03
9.706476418844367515e-03
4.336319404416144607e-03
-8.771930624256185638e-04
-5.929128543533224160e-03
1.180748902121386834e-02
7.183121291280514242e-03
2.740010103835288646e-03
-1.515578638223047392e-03
-5.577117381397656004e-03
-9.437831121369200105e-03
-1.309071309571763209e-02
-1.652854084363752918e-02
3.734227811943213737e-03
8.668940015557069501e-04
-1.758659689778951929e-03
-4.134459377834076577e-03
-6.252416093573742728e-03
-8.104345622857778153e-03
-9.681988383652750940e-03
-1.097702960316304654e-02
-1.198111972795956603e-02
-1.268589451392188039e-02
-3.792342581573748816e-02
-3.816356225620687326e-02
-1.292088705519667258e-02
-1.234516620345615934e-02
-3.693006347640448439e-02
-3.584033156379362595e-02
-3.439792489250770302e-02
-3.259498893256740359e-02
-3.042381289330009508e-02
-5.419776828289002424e-02
-5.146012616404860296e-02
-4.833569377513491361e-02
-4.481737723492962289e-02
-4.089828689985708365e-02
-3.657174729529799606e-02
-5.925365867246412677e-02
-5.430391813162849246e-02
-4.893102968369511530e-02
-4.312912534859592029e-02
-8.609620073457335820e-03
-1.711084578023047698e-03
5.635107173143083514e-03
1.343374340820524537e-02
2.168938119283225774e-02
3.040635390273394023e-02
3.958878062455184477e-02
-1.041121937544708942e-02
-7.594222453750631985e-04
9.365472633408700176e-03
1.996701924640831294e-02
3.104861598118802135e-02
4.261352555891484428e-02
2.357821053406006229e-02
3.587396469548664868e-02
1.720578945348449906e-02
-1.339256103822350497e-03
1.194152201179043971e-02
2.571925171874589466e-02
3.999689521041105422e-02
2.232412087825252911e-02
3.735729041228452729e-02
5.289803835666795351e-02
3.585976760584763667e-02
5.216805126960721850e-02
2.168051269606507958e-03
1.899239744600933477e-02
2.599258217950151106e-03
2.020482610010354563e-02
4.204576686294814181e-03
2.260077348552158583e-02
4.152984491897981911e-02
2.619578179781889560e-02
4.593384034179415210e-02
3.100740254196310275e-02
5.156742952232207244e-02
1.567429522321361901e-03
-1.294447109514429428e-02
8.452252211958111161e-03
-5.637270550135298208e-03
1.661284506781157688e-02
2.954579699629533707e-03
2.607696963438321802e-02
1.285998768142881943e-02
-2.074585882319013308e-04
2.411150951795093533e-02
1.150067685065536693e-02
3.674565092098625030e-02
2.460452765313014822e-02
1.262313602048337202e-02
3.914630227238546922e-02
2.765438211030968318e-02
1.632923929572349664e-02
4.418698502360562941e-02
-5.813014976393304778e-03
-1.662612373337424287e-02
-2.726444831782615097e-02
-3.772583122034767200e-02
-8.108823555824429263e-03
-1.802579806489390535e-02
-2.775656015766969631e-02
3.350538747067588474e-03
-5.806443053520737863e-03
-1.476689765626737483e-02
-2.352808143364981674e-02
-3.208718463453408276e-02
1.412420008261250359e-03
-6.522922742709269528e-03
-1.424428654198983679e-02
-2.174853304709856161e-02
-2.903245910100338278e-02
-3.609279720523161927e-02
4.706787794450661977e-04
-5.898655701395583151e-03
-1.203070083222357312e-02
-1.792187705304115752e-02
-2.356854482787085203e-02
-2.896700563012721830e-02
-3.411350299902871086e-02
-3.900422365812161729e-02
1.997195118136119163e-03
-2.102765878380097320e-03
-5.931153736488781192e-03
-9.483890289894603143e-03
-1.275684867131232636e-02
-1.574585487037438725e-02
-1.844668935064319726e-02
-2.085508870992747177e-02
-2.296674738688331274e-02
-2.477731940934901900e-02
-2.628242017631521321e-02
-2.747762828066768748e-02
-2.835848734490831191e-02
-2.892050788681821416e-02
-2.915916920215622099e-02
-2.906992124697183044e-02
-2.864818653276657301e-02
-2.788936200575697910e-02
-2.678882092384959890e-02
-2.534191470368440946e-02
-2.354397474526592760e-02
-2.139031421261350374e-02
-1.887622976838621014e-02
-1.599700325192010553e-02
-1.274790328440289500e-02
-9.124186794849720172e-03
-5.121100456481286756e-03
-7.338820142930302382e-04
-5.073388201429374078e-02
9.212037705712106117e-03
1.478029790469292948e-02
2.075180634448869910e-02
2.713135460727222892e-02
3.392373821005456591e-02
4.113375641762573309e-02
-8.866243582374977450e-03
-1.233787720625656448e-03
6.825912918040799582e-03
1.531767008589746126e-02
2.424630100655988940e-02
3.361662952995914111e-02
4.343348761851117956e-02
-6.566512381489530981e-03
3.701717187418296362e-03
1.442617232681087103e-02
-3.557382767318983952e-02
-2.438827807242560652e-02
-1.273674726387952205e-02
-6.143271262217808726e-04
1.198391583340097100e-02
2.506294500111039270e-02
3.862775871678181261e-02
-1.137224128321889793e-02
2.683395917834729971e-03
1.723494238884271113e-02
3.228753766062197883e-02
-1.771246233937873171e-02
-2.153617416389863592e-03
1.391674762283656719e-02
3.050398190226033535e-02
-1.949601809774037520e-02
-2.386476957017436007e-03
1.525090783800209238e-02
3.342178379731564064e-02
-1.657821620268506990e-02
2.131921614804355158e-03
2.138722859603703341e-02
4.119376309707689643e-02
-8.806236902920261400e-03
1.155775001855730011e-02
3.248559740769962900e-02
5.398391421655546196e-02
7.605952926837034056e-02
2.605952926837318273e-02
-2.394047073162752781e-02
-1.280488507418908739e-03
2.197119147498582947e-02
-2.802880852501488107e-02
-4.177815611946300578e-03
2.028041435830019168e-02
-2.971958564170051886e-02
-4.645859668304552770e-03
2.105198350259485096e-02
-2.894801649740230687e-02
-2.617043632110238605e-03
2.435649347717117053e-02
-2.564350652282954002e-02
1.982483945958790628e-03
3.027130580510828395e-02
-1.972869419489242659e-02
9.233862256905922550e-03
3.888161991661931438e-02
-1.111838008338139616e-02
1.922664911619875738e-02
5.028166634926733991e-02
2.816663492666293678e-04
3.206007894096174482e-02
-1.793992105903896572e-02
1.457603202715063162e-02
4.784445793002944924e-02
-2.155542069971261299e-03
3.188112801941755947e-02
-1.811887198058315107e-02
1.670270715337807133e-02
5.232681079036538563e-02
2.326810790364675086e-03
3.877206487296191995e-02
-1.122793512703879060e-02
2.605816858228138244e-02
-2.394183141771932810e-02
1.420596006347807361e-02
5.323748523331417459e-02
3.237485233313464050e-03
4.317606977208043872e-02
-6.823930227920271818e-03
3.404639441647816511e-02
-1.595360558352254543e-02
2.587457366387013735e-02
-2.412542633612702048e-02
1.868823800790053724e-02
-3.131176199210017330e-02
1.251661982443508236e-02
-3.748338017556562818e-02
7.390643032813670743e-03
-4.260935696718703980e-02
3.343016657197495078e-03
5.040833242081887988e-02
4.083324208181693393e-04
-4.959166757917898849e-02
-1.376833495481122327e-03
-5.137683349548183287e-02
-1.973814392382422511e-03
-5.197381439238313305e-02
-1.341742549151092589e-03
-5.134174254915180313e-02
5.625658663248600533e-04
-4.943743413367585049e-02
3.784730620715492933e-03
-4.621526937928166490e-02
8.372932124967036316e-03
-4.162706787503367423e-02
1.437804118292618227e-02
-3.562195881707452827e-02
2.185375394117272663e-02
-2.814624605882798392e-02
3.085673219958806612e-02
-1.914326780041264442e-02
4.144674925194635762e-02
-8.553250748050800212e-03
-5.855325074805151075e-02
3.686841426592479820e-03
-4.631315857340823072e-02
1.764346550146456138e-02
-3.235653449853259644e-02
3.338666217486618848e-02
-1.661333782513452206e-02
-6.661333782513523261e-02
9.902257732434804893e-04
-4.900977422675367734e-02
2.053188038588515951e-02
-2.946811961411555103e-02
4.209346261781021781e-02
-7.906537382190492735e-03
-5.790653738218765056e-02
1.576111115849343491e-02
-3.423888884150727563e-02
4.162546336813122139e-02
-8.374536631869489156e-03
-5.837453663186664699e-02
1.978185908745544452e-02
-3.021814091254526602e-02
5.033055188283341863e-02
3.305518828327080882e-04
8.337692794246720496e-02
3.337692794246649441e-02
-1.662307205753421613e-02
-6.662307205753492667e-02
1.903173284508596907e-02
-3.096826715491118875e-02
5.741130642671876672e-02
7.411306426718056173e-03
-4.258869357328265437e-02
4.863782597844590327e-02
-1.362174021551254555e-03
9.283955800946941395e-02
4.283955800946870340e-02
-7.160441990532007139e-03
-5.716044199053271768e-02
4.015111881989952280e-02
-9.848881180101187738e-03
-5.984888118010189828e-02
4.071374412941608512e-02
-9.286255870584625427e-03
-5.928625587058178326e-02
4.467556801493444141e-02
-5.324431985066269135e-03
-5.532443198506697968e-02
-1.053244319850676902e-01
2.191911416510095023e-03
-4.780808858349061552e-02
6.342558047554547329e-02
1.342558047554476275e-02
-3.657441952445594779e-02
-8.657441952445310562e-02
2.854717497582370811e-02
-2.145282502417700243e-02
-7.145282502417771298e-02
4.773540716360713532e-02
-2.264592836390022512e-03
-5.226459283639073305e-02
-1.022645928363914436e-01
2.117743122900250796e-02
-2.882256877099820258e-02
9.906918373763318186e-02
4.906918373763247132e-02
-9.308162623682392223e-04
-5.093081626236894977e-02
8.161573530691157430e-02
3.161573530691441647e-02
-1.838426469308629407e-02
-6.838426469308700462e-02
6.903165382831488728e-02
1.903165382831417674e-02
-3.096834617168298109e-02
-8.096834617168369164e-02
6.154137954342076000e-02
1.154137954342004946e-02
-3.845862045658066108e-02
-8.845862045657781891e-02
5.937961228820753945e-02
9.379612288206828907e-03
-4.062038771179388164e-02
-9.062038771179459218e-02
6.279171122603344202e-02
1.279171122603273147e-02
-3.720828877396797907e-02
-8.720828877396868961e-02
7.203410739818139064e-02
2.203410739818423281e-02
-2.796589260181647774e-02
-7.796589260181718828e-02
8.737472942583579538e-02
3.737472942583508484e-02
-1.262527057416207299e-02
-6.262527057416278353e-02
1.090934427059409018e-01
5.909344270594019122e-02
9.093442705939480675e-03
-4.090655729405767715e-02
-9.090655729405838770e-02
8.748250245023569960e-02
3.748250245023498906e-02
-1.251749754976572149e-02
-6.251749754976287932e-02
1.228470209232490618e-01
7.284702092324835121e-02
2.284702092324764067e-02
-2.715297907675306988e-02
-7.715297907675022770e-02
1.155054492437734837e-01
6.550544924377277312e-02
1.550544924377206257e-02
-3.449455075622864797e-02
1.657900741209346052e-01
1.157900741209338946e-01
6.579007412093318408e-02
1.579007412093247353e-02
-3.420992587906823701e-02
1.740475299040085133e-01
-1.342099258790661054e-01
7.404752990400709223e-02
2.404752990400638168e-02
-2.595247009599432886e-02
-7.595247009599148669e-02
-1.259524700959921972e-01
9.063932633299742747e-02
4.063932633299671693e-02
-9.360673667003993614e-03
-5.936067366700115144e-02
-1.093606736670018620e-01
1.159423923847526794e-01
6.594239238475196885e-02
1.594239238475125831e-02
-3.405760761524589952e-02
-8.405760761524661007e-02
1.503496366177614618e-01
1.003496366177607513e-01
5.034963661776004074e-02
3.496366177628829064e-04
-4.965036338223782764e-02
-9.965036338223853818e-02
1.442705244265773956e-01
9.427052442657668507e-02
4.427052442657952724e-02
-5.729475573421183299e-03
-5.572947557342189384e-02
-1.057294755734226044e-01
1.481316726255528238e-01
9.813167262555566595e-02
4.813167262555495540e-02
-1.868327374445755140e-03
-5.186832737444646568e-02
-1.018683273744471762e-01
-1.518683273744443341e-01
1.123774617897872474e-01
6.237746178978653688e-02
1.237746178978582634e-02
-3.762253821021488420e-02
-8.762253821021204203e-02
-1.376225382102127526e-01
1.374706667898664136e-01
8.747066678986570309e-02
3.747066678986499255e-02
-1.252933321013216528e-02
-6.252933321013287582e-02
-1.125293332101335864e-01
-1.625293332101342969e-01
1.238931059659194034e-01
7.389310596592224556e-02
2.389310596592153502e-02
-2.610689403407917553e-02
-7.610689403407988607e-02
-1.261068940340805966e-01
-1.761068940340777544e-01
-2.261068940340784650e-01
7.214630939508737129e-02
2.214630939508666074e-02
